2023-11-01 12:02:48.708 [DEBU][UserAPI_test.go:22] 配置初始化成功！ code:200 msg:"success"
2023-11-01 12:02:49.191 [DEBU][UserAPI_test.go:44] code:200 msg:"success"
2023-11-01 12:04:20.246 [DEBU][UserAPI_test.go:22] 配置初始化成功！ code:200 msg:"success"
2023-11-01 12:04:20.257 [DEBU][UserAPI_test.go:44] code:200 msg:"success"
2023-11-01 12:11:42.268 [DEBU][UserAPI_test.go:22] 配置初始化成功！ code:200  msg:"success"
2023-11-01 12:11:42.274 [DEBU][UserAPI_test.go:51] code:200  msg:"success"  data:"{\"id\":61,\"username\":\"test123\",\"password\":\"\",\"password2\":\"\",\"burstPassword\":\"\",\"nickname\":\"用户655916\",\"email\":\"\",\"publicKey\":\"209505bb58f5e71b30d216dbc0889e2cf77822\",\"privateKey\":\"\",\"qrcode\":\"/upload/qrcode/user61.png\",\"intro\":\"\",\"headImg\":\"\",\"versionCode\":\"\",\"noticeType\":1}"
2023-11-01 12:12:14.991 [DEBU][UserAPI_test.go:22] 配置初始化成功！ code:200  msg:"success"
2023-11-01 12:12:14.997 [DEBU][UserAPI_test.go:51] code:200  msg:"success"  data:"{\"id\":61,\"username\":\"test123\",\"password\":\"\",\"password2\":\"\",\"burstPassword\":\"\",\"nickname\":\"用户655916\",\"email\":\"\",\"publicKey\":\"209505bb58f5e71b30d216dbc0889e2cf77822\",\"privateKey\":\"\",\"qrcode\":\"/upload/qrcode/user61.png\",\"intro\":\"\",\"headImg\":\"\",\"versionCode\":\"\",\"noticeType\":1}"
2023-11-01 12:12:33.344 [DEBU][UserAPI_test.go:22] 配置初始化成功！ code:200 msg:"success"
2023-11-01 12:12:33.355 [DEBU][UserAPI_test.go:51] code:200 msg:"success" data:"{\"id\":61,\"username\":\"test123\",\"password\":\"\",\"password2\":\"\",\"burstPassword\":\"\",\"nickname\":\"用户655916\",\"email\":\"\",\"publicKey\":\"209505bb58f5e71b30d216dbc0889e2cf77822\",\"privateKey\":\"\",\"qrcode\":\"/upload/qrcode/user61.png\",\"intro\":\"\",\"headImg\":\"\",\"versionCode\":\"\",\"noticeType\":1}"
2023-11-01 12:12:33.355 [DEBU][UserAPI_test.go:52] [{"id":61,"username":"test123","password":"","password2":"","burstPassword":"","nickname":"用户655916","email":"","publicKey":"209505bb58f5e71b30d216dbc0889e2cf77822","privateKey":"","qrcode":"/upload/qrcode/user61.png","intro":"","headImg":"","versionCode":"","noticeType":1}]
2023-11-01 12:12:52.151 [DEBU][UserAPI_test.go:22] 配置初始化成功！ code:200 msg:"success"
2023-11-01 12:13:03.690 [DEBU][UserAPI_test.go:51] code:200 msg:"success" data:"{\"id\":61,\"username\":\"test123\",\"password\":\"\",\"password2\":\"\",\"burstPassword\":\"\",\"nickname\":\"用户655916\",\"email\":\"\",\"publicKey\":\"209505bb58f5e71b30d216dbc0889e2cf77822\",\"privateKey\":\"\",\"qrcode\":\"/upload/qrcode/user61.png\",\"intro\":\"\",\"headImg\":\"\",\"versionCode\":\"\",\"noticeType\":1}"
2023-11-01 12:13:03.690 [DEBU][UserAPI_test.go:52] [{"id":61,"username":"test123","password":"","password2":"","burstPassword":"","nickname":"用户655916","email":"","publicKey":"209505bb58f5e71b30d216dbc0889e2cf77822","privateKey":"","qrcode":"/upload/qrcode/user61.png","intro":"","headImg":"","versionCode":"","noticeType":1}]
2023-11-01 12:13:48.082 [DEBU][UserAPI_test.go:22] 配置初始化成功！ code:200  msg:"success"
2023-11-01 12:13:48.102 [DEBU][UserAPI_test.go:55] code:200  msg:"success"  data:"{\"id\":61,\"username\":\"test123\",\"password\":\"\",\"password2\":\"\",\"burstPassword\":\"\",\"nickname\":\"用户655916\",\"email\":\"\",\"publicKey\":\"209505bb58f5e71b30d216dbc0889e2cf77822\",\"privateKey\":\"\",\"qrcode\":\"/upload/qrcode/user61.png\",\"intro\":\"\",\"headImg\":\"\",\"versionCode\":\"\",\"noticeType\":1}"
2023-11-01 12:13:48.102 [DEBU][UserAPI_test.go:56] [{"id":61,"username":"test123","password":"","password2":"","burstPassword":"","nickname":"用户655916","email":"","publicKey":"209505bb58f5e71b30d216dbc0889e2cf77822","privateKey":"","qrcode":"/upload/qrcode/user61.png","intro":"","headImg":"","versionCode":"","noticeType":1}]
2023-11-01 12:14:10.358 [DEBU][UserAPI_test.go:23] 配置初始化成功！ code:200  msg:"success"
2023-11-01 12:14:10.367 [DEBU][UserAPI_test.go:57] code:200  msg:"success"  data:"{\"id\":61,\"username\":\"test123\",\"password\":\"\",\"password2\":\"\",\"burstPassword\":\"\",\"nickname\":\"用户655916\",\"email\":\"\",\"publicKey\":\"209505bb58f5e71b30d216dbc0889e2cf77822\",\"privateKey\":\"\",\"qrcode\":\"/upload/qrcode/user61.png\",\"intro\":\"\",\"headImg\":\"\",\"versionCode\":\"\",\"noticeType\":1}"
2023-11-01 12:14:10.368 [DEBU][UserAPI_test.go:58] [{"id":61,"username":"test123","password":"","password2":"","burstPassword":"","nickname":"用户655916","email":"","publicKey":"209505bb58f5e71b30d216dbc0889e2cf77822","privateKey":"","qrcode":"/upload/qrcode/user61.png","intro":"","headImg":"","versionCode":"","noticeType":1}]
2023-11-01 12:14:38.885 [DEBU][UserAPI_test.go:22] 配置初始化成功！ code:200 msg:"success"
2023-11-01 12:14:38.897 [DEBU][UserAPI_test.go:55] code:200 msg:"success" data:"{\"id\":61,\"username\":\"test123\",\"password\":\"\",\"password2\":\"\",\"burstPassword\":\"\",\"nickname\":\"用户655916\",\"email\":\"\",\"publicKey\":\"209505bb58f5e71b30d216dbc0889e2cf77822\",\"privateKey\":\"\",\"qrcode\":\"/upload/qrcode/user61.png\",\"intro\":\"\",\"headImg\":\"\",\"versionCode\":\"\",\"noticeType\":1}"
2023-11-01 12:15:02.680 [DEBU][UserAPI_test.go:22] 配置初始化成功！ code:200 msg:"success"
2023-11-01 12:15:02.702 [DEBU][UserAPI_test.go:44] code:200 msg:"success"
2023-11-01 12:15:22.650 [DEBU][UserAPI_test.go:22] 配置初始化成功！ code:200  msg:"success"
2023-11-01 12:15:22.655 [DEBU][UserAPI_test.go:51] code:200  msg:"success"  data:"{\"id\":61,\"username\":\"test123\",\"password\":\"\",\"password2\":\"\",\"burstPassword\":\"\",\"nickname\":\"用户655916\",\"email\":\"\",\"publicKey\":\"209505bb58f5e71b30d216dbc0889e2cf77822\",\"privateKey\":\"\",\"qrcode\":\"/upload/qrcode/user61.png\",\"intro\":\"\",\"headImg\":\"\",\"versionCode\":\"\",\"noticeType\":1}"
2023-11-01 12:15:37.677 [DEBU][UserAPI_test.go:23] 配置初始化成功！ code:200  msg:"success"
2023-11-01 12:15:37.688 [DEBU][UserAPI_test.go:52] code:200  msg:"success"  data:"{\"id\":61,\"username\":\"test123\",\"password\":\"\",\"password2\":\"\",\"burstPassword\":\"\",\"nickname\":\"用户655916\",\"email\":\"\",\"publicKey\":\"209505bb58f5e71b30d216dbc0889e2cf77822\",\"privateKey\":\"\",\"qrcode\":\"/upload/qrcode/user61.png\",\"intro\":\"\",\"headImg\":\"\",\"versionCode\":\"\",\"noticeType\":1}"
2023-11-01 12:15:44.251 [DEBU][UserAPI_test.go:23] 配置初始化成功！ code:200  msg:"success"
2023-11-01 12:15:44.256 [DEBU][UserAPI_test.go:53] code:200  msg:"success"  data:"{\"id\":61,\"username\":\"test123\",\"password\":\"\",\"password2\":\"\",\"burstPassword\":\"\",\"nickname\":\"用户655916\",\"email\":\"\",\"publicKey\":\"209505bb58f5e71b30d216dbc0889e2cf77822\",\"privateKey\":\"\",\"qrcode\":\"/upload/qrcode/user61.png\",\"intro\":\"\",\"headImg\":\"\",\"versionCode\":\"\",\"noticeType\":1}"
