2023-11-01 11:01:07.332 [DEBU][CryptoService_test.go:28] [428cac94e300461d5ad10f3c8237155f]
2023-11-01 11:20:10.884 [DEBU][UserAPI_test.go:22] 配置初始化成功！ code:200  msg:"success"
2023-11-01 11:20:11.751 [DEBU][UserAPI_test.go:44] code:200  msg:"success"
2023-11-01 11:23:33.299 [DEBU][UserAPI_test.go:22] 配置初始化成功！ code:200 msg:"success"
2023-11-01 11:23:34.164 [ERRO][UserService.go:119] -> Code:500, Msg:账号或密码错误, MsgZh:账号或密码错误 []
2023-11-01 11:23:34.167 [ERRO][log.go:180] this is a error stack: -> Code:500, Msg:账号或密码错误, MsgZh:账号或密码错误
IM-Service/src/configs/log.WithError
	C:/Users/Administrator/Desktop/workspace/IM/IM-Service/src/configs/log/log.go:168
IM-Service/src/service.(*UserService).Login
	C:/Users/Administrator/Desktop/workspace/IM/IM-Service/src/service/UserService.go:119
IM-Service/src/api.Login
	C:/Users/Administrator/Desktop/workspace/IM/IM-Service/src/api/UserAPI.go:38
IM-Service/src/api.TestLogin
	C:/Users/Administrator/Desktop/workspace/IM/IM-Service/src/api/UserAPI_test.go:41
testing.tRunner
	C:/Program Files/Go/src/testing/testing.go:1595
runtime.goexit
	C:/Program Files/Go/src/runtime/asm_amd64.s:1650
2023-11-01 11:23:34.169 [DEBU][UserAPI_test.go:44] code:500 msg:"-> Code:500, Msg:-> Code:500, Msg:账号或密码错误, MsgZh:账号或密码错误, MsgZh:账号或密码错误"
2023-11-01 11:24:30.669 [DEBU][UserAPI_test.go:22] 配置初始化成功！ code:200 msg:"success"
2023-11-01 11:24:30.825 [DEBU][UserAPI_test.go:33] code:200 msg:"success"
2023-11-01 11:24:34.655 [DEBU][UserAPI_test.go:22] 配置初始化成功！ code:200 msg:"success"
2023-11-01 11:24:34.924 [DEBU][UserAPI_test.go:44] code:200 msg:"success"
2023-11-01 11:26:10.170 [DEBU][UserAPI_test.go:22] 配置初始化成功！ code:200 msg:"success"
2023-11-01 11:26:10.774 [DEBU][UserAPI_test.go:33] code:200 msg:"success"
2023-11-01 11:26:14.215 [DEBU][UserAPI_test.go:22] 配置初始化成功！ code:200 msg:"success"
2023-11-01 11:26:14.480 [DEBU][UserAPI_test.go:44] code:200 msg:"success"
2023-11-01 11:30:00.101 [DEBU][UserAPI_test.go:22] 配置初始化成功！ code:200 msg:"success"
2023-11-01 11:30:00.541 [DEBU][UserAPI_test.go:33] code:200 msg:"success"
2023-11-01 11:30:05.271 [DEBU][UserAPI_test.go:22] 配置初始化成功！ code:200 msg:"success"
2023-11-01 11:30:05.548 [DEBU][UserAPI_test.go:44] code:200 msg:"success"
2023-11-01 11:30:17.460 [DEBU][UserAPI_test.go:22] 配置初始化成功！ code:200 msg:"success"
2023-11-01 11:30:17.697 [DEBU][UserAPI_test.go:44] code:200 msg:"success"
